Sun Oct 19 03:38:26 UTC 2025: Daily automated update for activity tracking, documentation, backup, and compliance.
Mon Oct 20 03:37:57 UTC 2025: Daily automated update for activity tracking, documentation, backup, and compliance.
Tue Oct 21 01:19:50 UTC 2025: Daily automated update for activity tracking, documentation, backup, and compliance.
Wed Oct 22 01:21:11 UTC 2025: Daily automated update for activity tracking, documentation, backup, and compliance.
Thu Oct 23 01:19:09 UTC 2025: Daily automated update for activity tracking, documentation, backup, and compliance.
Fri Oct 24 01:15:43 UTC 2025: Daily automated update for activity tracking, documentation, backup, and compliance.
Sat Oct 25 01:16:45 UTC 2025: Daily automated update for activity tracking, documentation, backup, and compliance.
Sun Oct 26 01:24:02 UTC 2025: Daily automated update for activity tracking, documentation, backup, and compliance.
Mon Oct 27 01:25:42 UTC 2025: Daily automated update for activity tracking, documentation, backup, and compliance.
Tue Oct 28 01:18:13 UTC 2025: Daily automated update for activity tracking, documentation, backup, and compliance.
Wed Oct 29 01:23:19 UTC 2025: Daily automated update for activity tracking, documentation, backup, and compliance.
Thu Oct 30 01:22:48 UTC 2025: Daily automated update for activity tracking, documentation, backup, and compliance.
Fri Oct 31 01:20:16 UTC 2025: Daily automated update for activity tracking, documentation, backup, and compliance.
Sat Nov  1 01:24:21 UTC 2025: Daily automated update for activity tracking, documentation, backup, and compliance.
Sun Nov  2 01:25:26 UTC 2025: Daily automated update for activity tracking, documentation, backup, and compliance.
Mon Nov  3 01:24:03 UTC 2025: Daily automated update for activity tracking, documentation, backup, and compliance.
Tue Nov  4 01:20:46 UTC 2025: Daily automated update for activity tracking, documentation, backup, and compliance.
Wed Nov  5 01:22:16 UTC 2025: Daily automated update for activity tracking, documentation, backup, and compliance.
Thu Nov  6 01:21:59 UTC 2025: Daily automated update for activity tracking, documentation, backup, and compliance.
Fri Nov  7 01:21:34 UTC 2025: Daily automated update for activity tracking, documentation, backup, and compliance.
Sat Nov  8 01:17:19 UTC 2025: Daily automated update for activity tracking, documentation, backup, and compliance.
Sun Nov  9 01:24:52 UTC 2025: Daily automated update for activity tracking, documentation, backup, and compliance.
Mon Nov 10 01:24:45 UTC 2025: Daily automated update for activity tracking, documentation, backup, and compliance.
Tue Nov 11 01:22:15 UTC 2025: Daily automated update for activity tracking, documentation, backup, and compliance.
Wed Nov 12 01:21:50 UTC 2025: Daily automated update for activity tracking, documentation, backup, and compliance.
Thu Nov 13 01:22:25 UTC 2025: Daily automated update for activity tracking, documentation, backup, and compliance.
Fri Nov 14 01:22:12 UTC 2025: Daily automated update for activity tracking, documentation, backup, and compliance.
Sat Nov 15 01:19:50 UTC 2025: Daily automated update for activity tracking, documentation, backup, and compliance.
Sun Nov 16 01:27:02 UTC 2025: Daily automated update for activity tracking, documentation, backup, and compliance.
Mon Nov 17 01:22:50 UTC 2025: Daily automated update for activity tracking, documentation, backup, and compliance.
Tue Nov 18 01:21:47 UTC 2025: Daily automated update for activity tracking, documentation, backup, and compliance.
Wed Nov 19 01:21:32 UTC 2025: Daily automated update for activity tracking, documentation, backup, and compliance.
Thu Nov 20 01:20:16 UTC 2025: Daily automated update for activity tracking, documentation, backup, and compliance.
Fri Nov 21 01:20:59 UTC 2025: Daily automated update for activity tracking, documentation, backup, and compliance.
Sat Nov 22 01:18:17 UTC 2025: Daily automated update for activity tracking, documentation, backup, and compliance.
Sun Nov 23 01:40:36 UTC 2025: Daily automated update for activity tracking, documentation, backup, and compliance.
Mon Nov 24 01:27:02 UTC 2025: Daily automated update for activity tracking, documentation, backup, and compliance.
Tue Nov 25 01:22:01 UTC 2025: Daily automated update for activity tracking, documentation, backup, and compliance.
Wed Nov 26 01:22:11 UTC 2025: Daily automated update for activity tracking, documentation, backup, and compliance.
Thu Nov 27 01:20:51 UTC 2025: Daily automated update for activity tracking, documentation, backup, and compliance.
Fri Nov 28 01:20:12 UTC 2025: Daily automated update for activity tracking, documentation, backup, and compliance.
Sat Nov 29 01:20:39 UTC 2025: Daily automated update for activity tracking, documentation, backup, and compliance.
Sun Nov 30 01:39:44 UTC 2025: Daily automated update for activity tracking, documentation, backup, and compliance.
Mon Dec  1 01:46:51 UTC 2025: Daily automated update for activity tracking, documentation, backup, and compliance.
Tue Dec  2 01:23:44 UTC 2025: Daily automated update for activity tracking, documentation, backup, and compliance.
Wed Dec  3 01:23:52 UTC 2025: Daily automated update for activity tracking, documentation, backup, and compliance.
Thu Dec  4 01:23:56 UTC 2025: Daily automated update for activity tracking, documentation, backup, and compliance.
Fri Dec  5 01:24:24 UTC 2025: Daily automated update for activity tracking, documentation, backup, and compliance.
Sat Dec  6 01:20:08 UTC 2025: Daily automated update for activity tracking, documentation, backup, and compliance.
Sun Dec  7 01:40:00 UTC 2025: Daily automated update for activity tracking, documentation, backup, and compliance.
Mon Dec  8 01:24:39 UTC 2025: Daily automated update for activity tracking, documentation, backup, and compliance.
Tue Dec  9 01:23:57 UTC 2025: Daily automated update for activity tracking, documentation, backup, and compliance.
Wed Dec 10 01:25:48 UTC 2025: Daily automated update for activity tracking, documentation, backup, and compliance.
Thu Dec 11 01:26:39 UTC 2025: Daily automated update for activity tracking, documentation, backup, and compliance.
Fri Dec 12 01:26:30 UTC 2025: Daily automated update for activity tracking, documentation, backup, and compliance.
Sat Dec 13 01:21:40 UTC 2025: Daily automated update for activity tracking, documentation, backup, and compliance.
Sun Dec 14 01:40:43 UTC 2025: Daily automated update for activity tracking, documentation, backup, and compliance.
Mon Dec 15 01:38:43 UTC 2025: Daily automated update for activity tracking, documentation, backup, and compliance.
Tue Dec 16 01:27:13 UTC 2025: Daily automated update for activity tracking, documentation, backup, and compliance.
Wed Dec 17 01:22:40 UTC 2025: Daily automated update for activity tracking, documentation, backup, and compliance.
Thu Dec 18 01:22:59 UTC 2025: Daily automated update for activity tracking, documentation, backup, and compliance.
Fri Dec 19 01:26:27 UTC 2025: Daily automated update for activity tracking, documentation, backup, and compliance.
Sat Dec 20 01:22:18 UTC 2025: Daily automated update for activity tracking, documentation, backup, and compliance.
Sun Dec 21 01:40:29 UTC 2025: Daily automated update for activity tracking, documentation, backup, and compliance.
Mon Dec 22 01:39:54 UTC 2025: Daily automated update for activity tracking, documentation, backup, and compliance.
Tue Dec 23 01:26:31 UTC 2025: Daily automated update for activity tracking, documentation, backup, and compliance.
Wed Dec 24 01:25:26 UTC 2025: Daily automated update for activity tracking, documentation, backup, and compliance.
Thu Dec 25 01:26:34 UTC 2025: Daily automated update for activity tracking, documentation, backup, and compliance.
Fri Dec 26 01:26:41 UTC 2025: Daily automated update for activity tracking, documentation, backup, and compliance.
Sat Dec 27 01:24:43 UTC 2025: Daily automated update for activity tracking, documentation, backup, and compliance.
